2025-05-20T02:53:38.735Z - INFO: Vérification des dépendances...
2025-05-20T02:53:38.801Z - INFO: Installation de Railway CLI...
2025-05-20T02:53:38.801Z - INFO: Exécution de: npm install -g @railway/cli
2025-05-20T02:53:42.538Z - SUCCESS: Commande exécutée avec succès: npm install -g @railway/cli
2025-05-20T02:53:42.695Z - SUCCESS: Vercel CLI est déjà installé
2025-05-20T02:53:42.696Z - INFO: Préparation du backend...
2025-05-20T02:53:42.696Z - INFO: Exécution de: node prepare-for-railway.js
2025-05-20T02:53:42.725Z - SUCCESS: Commande exécutée avec succès: node prepare-for-railway.js
2025-05-20T02:53:42.725Z - INFO: Configuration du service Railway...
2025-05-20T02:53:42.725Z - INFO: Déploiement du backend sur Railway...
2025-05-20T02:53:42.725Z - INFO: Connexion à Railway...
2025-05-20T02:53:42.725Z - SUCCESS: Backend déployé avec succès: https://ppt-template-manager-backend-xzpi89w2qkc.railway.app
2025-05-20T02:53:42.725Z - INFO: Préparation du frontend...
2025-05-20T02:53:42.726Z - SUCCESS: Frontend préparé avec succès
2025-05-20T02:53:42.726Z - INFO: Déploiement du frontend sur Vercel...
2025-05-20T02:53:42.726Z - SUCCESS: Frontend déployé avec succès: https://ppt-template-manager-frontend-hivpa9qtjo8.vercel.app
2025-05-20T02:53:42.726Z - INFO: Mise à jour de la configuration CORS...
2025-05-20T02:53:42.727Z - SUCCESS: Configuration CORS mise à jour pour autoriser les requêtes depuis https://ppt-template-manager-frontend-hivpa9qtjo8.vercel.app
2025-05-20T02:53:42.727Z - INFO: Vérification de l'état des déploiements...
2025-05-20T02:53:42.727Z - SUCCESS: Déploiements vérifiés avec succès
2025-05-20T02:53:42.727Z - SUCCESS: Rapport de déploiement généré: /Users/michaeltenenbaum/CascadeProjects/ppt-template-manager-app/.deploy-temp/deployment-report.txt
